[18:38:18] This is prokka 1.12
[18:38:18] Written by Torsten Seemann <torsten.seemann@gmail.com>
[18:38:18] Homepage is https://github.com/tseemann/prokka
[18:38:18] Local time is Sat Apr 18 18:38:18 2020
[18:38:18] You are abhis
[18:38:18] Operating system is linux
[18:38:18] You have BioPerl 1.007001
[18:38:18] System has 20 cores.
[18:38:18] Will use maximum of 8 cores.
[18:38:18] Annotating as >>> Bacteria <<<
[18:38:18] Generating locus_tag from '/home/abhis/GenomeAnalysis/BWA/CombinedAlign.fasta' contents.
[18:38:18] Setting --locustag IFCPCJBP from MD5 2fc9c3b961394891909857a9db9ea197
[18:38:18] Creating new output folder: PROKKA_04182020
[18:38:18] Running: mkdir -p PROKKA_04182020
[18:38:18] Using filename prefix: PROKKA_04182020.XXX
[18:38:18] Setting HMMER_NCPU=1
[18:38:18] Writing log to: PROKKA_04182020/PROKKA_04182020.log
[18:38:18] Command: /sw/bioinfo/prokka/1.12-12547ca/rackham/bin/prokka /home/abhis/GenomeAnalysis/BWA/CombinedAlign.fasta
[18:38:18] Appending to PATH: /sw/bioinfo/prokka/1.12-12547ca/rackham/bin/../binaries/linux
[18:38:18] Appending to PATH: /sw/bioinfo/prokka/1.12-12547ca/rackham/bin/../binaries/linux/../common
[18:38:18] Appending to PATH: /sw/bioinfo/prokka/1.12-12547ca/rackham/bin
[18:38:18] Looking for 'aragorn' - found /sw/bioinfo/prokka/1.12-12547ca/rackham/bin/../binaries/linux/aragorn
[18:38:18] Determined aragorn version is 1.2
[18:38:18] Looking for 'barrnap' - found /sw/bioinfo/barrnap/0.8/rackham/bin/barrnap
[18:38:18] Determined barrnap version is 0.8
[18:38:18] Looking for 'blastp' - found /sw/bioinfo/blast/2.6.0+/rackham/bin/blastp
[18:38:19] Determined blastp version is 2.6
[18:38:19] Looking for 'cmpress' - found /sw/bioinfo/prokka/1.12-12547ca/rackham/bin/../binaries/linux/cmpress
[18:38:19] Determined cmpress version is 1.1
[18:38:19] Looking for 'cmscan' - found /sw/bioinfo/prokka/1.12-12547ca/rackham/bin/../binaries/linux/cmscan
[18:38:19] Determined cmscan version is 1.1
[18:38:19] Looking for 'egrep' - found /usr/bin/egrep
[18:38:19] Looking for 'find' - found /usr/bin/find
[18:38:19] Looking for 'grep' - found /usr/bin/grep
[18:38:19] Looking for 'hmmpress' - found /sw/apps/bioinfo/hmmer/3.1b2/rackham/bin/hmmpress
[18:38:19] Determined hmmpress version is 3.1
[18:38:19] Looking for 'hmmscan' - found /sw/apps/bioinfo/hmmer/3.1b2/rackham/bin/hmmscan
[18:38:19] Determined hmmscan version is 3.1
[18:38:19] Looking for 'java' - found /usr/bin/java
[18:38:19] Looking for 'less' - found /usr/bin/less
[18:38:19] Looking for 'makeblastdb' - found /sw/bioinfo/blast/2.6.0+/rackham/bin/makeblastdb
[18:38:19] Determined makeblastdb version is 2.6
[18:38:19] Looking for 'minced' - found /sw/apps/bioinfo/minced/0.2.0/rackham/minced
[18:38:19] Determined minced version is 2.0
[18:38:19] Looking for 'parallel' - found /sw/parallel/gnuparallel/20170122/rackham/bin/parallel
[18:38:19] Determined parallel version is 20170122
[18:38:19] Looking for 'prodigal' - found /sw/apps/bioinfo/prodigal/2.6.3/rackham/bin/prodigal
[18:38:19] Determined prodigal version is 2.6
[18:38:19] Looking for 'prokka-genbank_to_fasta_db' - found /sw/bioinfo/prokka/1.12-12547ca/rackham/bin/prokka-genbank_to_fasta_db
[18:38:19] Looking for 'sed' - found /usr/bin/sed
[18:38:19] Looking for 'signalp' - found /sw/bioinfo/SignalP/4.1f/rackham/signalp
[18:38:20] Determined signalp version is 4.1
[18:38:20] Looking for 'tbl2asn' - found /sw/bioinfo/tbl2asn/25.8/rackham/tbl2asn
[18:38:20] Determined tbl2asn version is 25.8
[18:38:20] Using genetic code table 11.
[18:38:20] Loading and checking input file: /home/abhis/GenomeAnalysis/BWA/CombinedAlign.fasta
[18:38:20] Wrote 12 contigs totalling 3151996 bp.
[18:38:20] Predicting tRNAs and tmRNAs
[18:38:20] Running: aragorn -l -gc11  -w PROKKA_04182020\/PROKKA_04182020\.fna
[18:38:21] 1 tRNA-Asn [31855,31930] 36 (gtt)
[18:38:21] 2 tRNA-Thr c[34916,34988] 34 (ggt)
[18:38:21] 3 tRNA-Asn [35201,35276] 36 (gtt)
[18:38:21] 4 tRNA-Gly [88366,88436] 33 (ccc)
[18:38:21] 5 tRNA-Arg c[159494,159567] 35 (ccg)
[18:38:21] 6 tRNA-Tyr [190184,190264] 35 (gta)
[18:38:21] 7 tRNA-Gln [190270,190343] 34 (ttg)
[18:38:21] 8 tRNA-Met [434749,434822] 35 (cat)
[18:38:21] 9 tmRNA c[437210,437573] 91,129 AKNENNSYALAA*
[18:38:21] 10 tRNA-Ser [466391,466478] 33 (cga)
[18:38:21] 11 tRNA-Met [730260,730335] 36 (cat)
[18:38:21] 12 tRNA-Gln [954240,954312] 34 (ctg)
[18:38:21] 13 tRNA-Leu c[958682,958767] 36 (cag)
[18:38:21] 14 tRNA-Leu [1047805,1047889] 35 (gag)
[18:38:21] 15 tRNA-Leu c[1210955,1211041] 36 (caa)
[18:38:21] 16 tRNA-Gln c[1211057,1211130] 34 (ttg)
[18:38:21] 17 tRNA-His c[1211138,1211211] 34 (gtg)
[18:38:21] 18 tRNA-Leu c[1211272,1211358] 36 (caa)
[18:38:21] 19 tRNA-Cys c[1211378,1211448] 33 (gca)
[18:38:21] 20 tRNA-Gln c[1211493,1211566] 34 (ttg)
[18:38:21] 21 tRNA-His c[1211576,1211649] 34 (gtg)
[18:38:21] 22 tRNA-Trp c[1211652,1211725] 33 (cca)
[18:38:21] 23 tRNA-Tyr c[1211731,1211813] 36 (gta)
[18:38:21] 24 tRNA-Phe c[1211814,1211889] 34 (gaa)
[18:38:21] 25 tRNA-Asp c[1211923,1211998] 35 (gtc)
[18:38:21] 26 tRNA-Val c[1212006,1212080] 35 (tac)
[18:38:21] 27 tRNA-Glu c[1212094,1212167] 35 (ttc)
[18:38:21] 28 tRNA-Ser c[1212180,1212271] 36 (gga)
[18:38:21] 29 tRNA-Asn c[1212309,1212384] 36 (gtt)
[18:38:21] 30 tRNA-Ala c[1215810,1215882] 34 (tgc)
[18:38:21] 31 tRNA-Met c[1345078,1345151] 35 (cat)
[18:38:21] 32 tRNA-Lys [1397020,1397092] 34 (ctt)
[18:38:21] 33 tRNA-Glu c[1597156,1597229] 35 (ttc)
[18:38:21] 34 tRNA-Ile c[1597239,1597314] 36 (gat)
[18:38:21] 35 tRNA-Gly c[1597326,1597396] 33 (tcc)
[18:38:21] 36 tRNA-Phe c[1597400,1597474] 35 (gaa)
[18:38:21] 37 tRNA-Asp c[1597476,1597550] 35 (gtc)
[18:38:21] 38 tRNA-Met c[1597567,1597642] 36 (cat)
[18:38:21] 39 tRNA-Ser c[1597654,1597743] 37 (tga)
[18:38:21] 40 tRNA-Glu c[1597765,1597838] 35 (ttc)
[18:38:21] 41 tRNA-Ser c[1597858,1597947] 36 (gct)
[18:38:21] 42 tRNA-Ile c[1597970,1598045] 36 (gat)
[18:38:21] 43 tRNA-Gly c[1598058,1598128] 33 (tcc)
[18:38:21] 44 tRNA-Asp c[1598130,1598205] 34 (gtc)
[18:38:21] 45 tRNA-Met c[1598223,1598298] 36 (cat)
[18:38:21] 46 tRNA-Ser c[1598310,1598399] 37 (tga)
[18:38:21] 47 tRNA-Met c[1598422,1598497] 36 (cat)
[18:38:21] 48 tRNA-Met c[1598509,1598584] 36 (cat)
[18:38:21] 49 tRNA-Ala c[1598611,1598683] 34 (tgc)
[18:38:21] 50 tRNA-Pro c[1598703,1598776] 35 (tgg)
[18:38:21] 51 tRNA-Arg c[1598785,1598860] 36 (acg)
[18:38:21] 52 tRNA-Leu c[1598870,1598955] 35 (taa)
[18:38:21] 53 tRNA-Gly c[1598972,1599043] 33 (gcc)
[18:38:21] 54 tRNA-Thr c[1599053,1599128] 35 (tgt)
[18:38:21] 55 tRNA-Leu c[1599144,1599227] 36 (tag)
[18:38:21] 56 tRNA-Lys c[1599233,1599307] 35 (ttt)
[18:38:21] 57 tRNA-Val c[1599309,1599383] 35 (tac)
[18:38:21] 58 tRNA-Ala c[1602813,1602885] 34 (tgc)
[18:38:21] 59 tRNA-Arg c[1828909,1828985] 36 (acg)
[18:38:21] 60 tRNA-Pro c[1829042,1829115] 35 (tgg)
[18:38:21] 61 tRNA-Arg c[1829136,1829211] 36 (acg)
[18:38:21] 62 tRNA-Leu c[1829221,1829306] 35 (taa)
[18:38:21] 63 tRNA-Gly c[1829323,1829394] 33 (gcc)
[18:38:21] 64 tRNA-Thr c[1829404,1829479] 35 (tgt)
[18:38:21] 65 tRNA-Leu c[1829495,1829578] 36 (tag)
[18:38:21] 66 tRNA-Lys c[1829584,1829658] 35 (ttt)
[18:38:21] 67 tRNA-Val c[1829660,1829734] 35 (tac)
[18:38:21] 68 tRNA-Arg [2546335,2546409] 35 (tct)
[18:38:21] 69 tRNA-Arg [2600443,2600518] 36 (cct)
[18:38:21] 70 tRNA-Met [2637798,2637871] 35 (cat)
[18:38:21] 71 tRNA-Thr [2708138,2708210] 34 (cgt)
[18:38:21] Found 71 tRNAs
[18:38:21] Predicting Ribosomal RNAs
[18:38:21] Running Barrnap with 8 threads
[18:38:29] 1 tig00000582_pilon 26820 16S ribosomal RNA
[18:38:29] 2 tig00000582_pilon 28724 23S ribosomal RNA
[18:38:29] 3 tig00000582_pilon 31733 5S ribosomal RNA
[18:38:29] 4 tig00000582_pilon 1212396 5S ribosomal RNA
[18:38:29] 5 tig00000582_pilon 1212605 23S ribosomal RNA
[18:38:29] 6 tig00000582_pilon 1215959 16S ribosomal RNA
[18:38:29] 7 tig00000582_pilon 1503300 5S ribosomal RNA
[18:38:29] 8 tig00000582_pilon 1503509 23S ribosomal RNA
[18:38:29] 9 tig00000582_pilon 1506766 16S ribosomal RNA
[18:38:29] 10 tig00000582_pilon 1599399 5S ribosomal RNA
[18:38:29] 11 tig00000582_pilon 1599608 23S ribosomal RNA
[18:38:29] 12 tig00000582_pilon 1602962 16S ribosomal RNA
[18:38:29] 13 tig00000582_pilon 1829750 5S ribosomal RNA
[18:38:29] 14 tig00000582_pilon 1829959 23S ribosomal RNA
[18:38:29] 15 tig00000582_pilon 1833216 16S ribosomal RNA
[18:38:29] 16 tig00000582_pilon 2255614 16S ribosomal RNA
[18:38:29] 17 tig00000582_pilon 2257517 23S ribosomal RNA
[18:38:29] 18 tig00000582_pilon 2260526 5S ribosomal RNA
[18:38:29] Found 18 rRNAs
[18:38:29] Skipping ncRNA search, enable with --rfam if desired.
[18:38:29] Total of 88 tRNA + rRNA features
[18:38:29] Searching for CRISPR repeats
[18:38:29] Found 0 CRISPRs
[18:38:29] Predicting coding sequences
[18:38:29] Contigs total 3151996 bp, so using single mode
[18:38:29] Running: prodigal -i PROKKA_04182020\/PROKKA_04182020\.fna -c -m -g 11 -p single -f sco -q
[18:38:38] Found 3075 CDS
[18:38:38] Connecting features back to sequences
[18:38:38] Option --gram not specified, will NOT check for signal peptides.
[18:38:38] Not using genus-specific database. Try --usegenus to enable it.
[18:38:38] Annotating CDS, please be patient.
[18:38:38] Will use 8 CPUs for similarity searching.
[18:38:40] There are still 3075 unannotated CDS left (started with 3075)
[18:38:40] Will use blast to search against /sw/bioinfo/prokka/1.12-12547ca/rackham/bin/../db/kingdom/Bacteria/sprot with 8 CPUs
[18:38:40] Running: cat PROKKA_04182020\/sprot\.faa | parallel --gnu --plain -j 8 --block 56817 --recstart '>' --pipe blastp -query - -db /sw/bioinfo/prokka/1.12-12547ca/rackham/bin/../db/kingdom/Bacteria/sprot -evalue 1e-06 -num_threads 1 -num_descriptions 1 -num_alignments 1 -seg no > PROKKA_04182020\/sprot\.blast 2> /dev/null
[18:42:56] Modify product: Probable capsular polysaccharide biosynthesis protein YwqC => putative capsular polysaccharide biosynthesis protein YwqC
[18:42:56] Modify product: Uncharacterized sugar transferase EpsL => putative sugar transferase EpsL
[18:42:56] Modify product: Uncharacterized glycosyltransferase EpsJ => putative glycosyltransferase EpsJ
[18:42:56] Modify product: Uncharacterized glycosyltransferase EpsJ => putative glycosyltransferase EpsJ
[18:42:56] Modify product: Probable ATP-dependent helicase DinG homolog => putative ATP-dependent helicase DinG 
[18:42:56] Modify product: Probable copper-importing P-type ATPase A => putative copper-importing P-type ATPase A
[18:42:56] Modify product: Probable cation-transporting ATPase E => putative cation-transporting ATPase E
[18:42:56] Modify product: Probable endopeptidase p60 => putative endopeptidase p60
[18:42:56] Modify product: Putative phosphatase M6_Spy0533 => Putative phosphatase
[18:42:56] Modify product: Probable endopeptidase p60 => putative endopeptidase p60
[18:42:56] Modify product: Putative conjugal transfer protein Rv3659c => Putative conjugal transfer protein
[18:42:56] Modify product: Uncharacterized ABC transporter ATP-binding protein Rv0986 => putative ABC transporter ATP-binding protein
[18:42:56] Modify product: Probable bifunctional oligoribonuclease and PAP phosphatase NrnA => putative bifunctional oligoribonuclease and PAP phosphatase NrnA
[18:42:56] Modify product: Probable tRNA sulfurtransferase => putative tRNA sulfurtransferase
[18:42:56] Modify product: Phosphorylated carbohydrates phosphatase TM_1254 => Phosphorylated carbohydrates phosphatase
[18:42:56] Modify product: Uncharacterized ABC transporter ATP-binding protein Rv1273c => putative ABC transporter ATP-binding protein
[18:42:56] Modify product: Uncharacterized ABC transporter ATP-binding protein TM_0288 => putative ABC transporter ATP-binding protein
[18:42:56] Modify product: Uncharacterized HTH-type transcriptional regulator YbbH => putative HTH-type transcriptional regulator YbbH
[18:42:56] Modify product: Probable tautomerase SA1195.1 => putative tautomerase.1
[18:42:56] Modify product: Probable transcriptional regulatory protein SA0624 => putative transcriptional regulatory protein
[18:42:56] Modify product: RNA-binding protein HI_1333 => RNA-binding protein
[18:42:56] Modify product: Acetyltransferase SACOL1063 => Acetyltransferase
[18:42:56] Modify product: Uncharacterized glycosyltransferase EpsJ => putative glycosyltransferase EpsJ
[18:42:56] Modify product: Uncharacterized glycosyltransferase EpsJ => putative glycosyltransferase EpsJ
[18:42:56] Modify product: Probable undecaprenyl-phosphate N-acetylglucosaminyl 1-phosphate transferase => putative undecaprenyl-phosphate N-acetylglucosaminyl 1-phosphate transferase
[18:42:56] Modify product: DegV domain-containing protein MW1315 => DegV domain-containing protein
[18:42:56] Modify product: Uncharacterized membrane protein YuaF => putative membrane protein YuaF
[18:42:57] Modify product: Probable HTH-type transcriptional repressor ExuR => putative HTH-type transcriptional repressor ExuR
[18:42:57] Modify product: Probable manganese-dependent inorganic pyrophosphatase => putative manganese-dependent inorganic pyrophosphatase
[18:42:57] Modify product: DegV domain-containing protein SP_1112 => DegV domain-containing protein
[18:42:57] Modify product: 30S ribosomal protein S1 homolog => 30S ribosomal protein S1 
[18:42:57] Modify product: Putative dipeptidase SACOL1801 => Putative dipeptidase
[18:42:57] Modify product: Probable cation-transporting ATPase E => putative cation-transporting ATPase E
[18:42:57] Modify product: Calcium-transporting ATPase lmo0841 => Calcium-transporting ATPase
[18:42:57] Modify product: Putative universal stress protein SA1532 => Putative universal stress protein
[18:42:57] Modify product: Uncharacterized HTH-type transcriptional regulator HI_0186 => putative HTH-type transcriptional regulator
[18:42:57] Modify product: Deacetylase EF_0837 => Deacetylase
[18:42:57] Modify product: Probable L-ascorbate-6-phosphate lactonase UlaG => putative L-ascorbate-6-phosphate lactonase UlaG
[18:42:57] Modify product: Uncharacterized response regulatory protein SACOL0201 => putative response regulatory protein
[18:42:57] Modify product: GTP cyclohydrolase 1 type 2 homolog => GTP cyclohydrolase 1 type 2 
[18:42:57] Modify product: Probable licABCH operon regulator => putative licABCH operon regulator
[18:42:57] Modify product: Uncharacterized oxidoreductase YbdH => putative oxidoreductase YbdH
[18:42:57] Modify product: Phosphorylated carbohydrates phosphatase TM_1254 => Phosphorylated carbohydrates phosphatase
[18:42:57] Modify product: Uncharacterized oxidoreductase YghA => putative oxidoreductase YghA
[18:42:57] Modify product: Stress response regulator gls24 homolog => Stress response regulator gls24 
[18:42:57] Modify product: Stress response regulator gls24 homolog => Stress response regulator gls24 
[18:42:57] Modify product: Probable peptidoglycan glycosyltransferase FtsW => putative peptidoglycan glycosyltransferase FtsW
[18:42:57] Modify product: Probable ABC transporter extracellular-binding protein YckB => putative ABC transporter extracellular-binding protein YckB
[18:42:57] Modify product: DegV domain-containing protein SA0704 => DegV domain-containing protein
[18:42:57] Modify product: Uncharacterized ABC transporter permease Rv0072 => putative ABC transporter permease
[18:42:57] Modify product: Uncharacterized HTH-type transcriptional regulator YbbH => putative HTH-type transcriptional regulator YbbH
[18:42:57] Modify product: Uncharacterized oxidoreductase YhhX => putative oxidoreductase YhhX
[18:42:57] Modify product: Putative acetyltransferase SACOL2570 => Putative acetyltransferase
[18:42:57] Modify product: Probable arabinose-binding protein => putative arabinose-binding protein
[18:42:57] Modify product: Uncharacterized ABC transporter ATP-binding protein YheS => putative ABC transporter ATP-binding protein YheS
[18:42:57] Modify product: Uncharacterized ABC transporter permease Rv0072 => putative ABC transporter permease
[18:42:57] Modify product: Uncharacterized isomerase YddE => putative isomerase YddE
[18:42:57] Modify product: Uncharacterized beta-barrel protein YwiB => putative beta-barrel protein YwiB
[18:42:57] Modify product: Probable DNA-directed RNA polymerase subunit delta => putative DNA-directed RNA polymerase subunit delta
[18:42:57] Modify product: Probable succinyl-diaminopimelate desuccinylase => putative succinyl-diaminopimelate desuccinylase
[18:42:57] Modify product: Probable protein-export membrane protein SecG => putative protein-export membrane protein SecG
[18:42:57] Modify product: Uncharacterized N-acetyltransferase YvbK => putative N-acetyltransferase YvbK
[18:42:57] Modify product: Phosphate-specific transport system accessory protein PhoU homolog => Phosphate-specific transport system accessory protein PhoU 
[18:42:57] Modify product: Probable endonuclease 4 => putative endonuclease 4
[18:42:57] Modify product: Probable multidrug resistance ABC transporter ATP-binding/permease protein YheI => putative multidrug resistance ABC transporter ATP-binding/permease protein YheI
[18:42:57] Modify product: Probable multidrug resistance ABC transporter ATP-binding/permease protein YheH => putative multidrug resistance ABC transporter ATP-binding/permease protein YheH
[18:42:57] Modify product: Probable 6-phospho-beta-glucosidase => putative 6-phospho-beta-glucosidase
[18:42:57] Modify product: Acetyltransferase SACOL1063 => Acetyltransferase
[18:42:57] Modify product: Uncharacterized epimerase/dehydratase SA0511 => putative epimerase/dehydratase
[18:42:57] Modify product: Uncharacterized MscS family protein YkuT => putative MscS family protein YkuT
[18:42:57] Modify product: Putative metallophosphoesterase MG207 homolog => Putative metallophosphoesterase MG207 
[18:42:57] Modify product: Probable glutamine ABC transporter permease protein GlnP => putative glutamine ABC transporter permease protein GlnP
[18:42:57] Modify product: Probable glutamine ABC transporter permease protein GlnM => putative glutamine ABC transporter permease protein GlnM
[18:42:57] Modify product: Putative universal stress protein SA1532 => Putative universal stress protein
[18:42:57] Modify product: Probable ATP-dependent helicase DinG homolog => putative ATP-dependent helicase DinG 
[18:42:57] Modify product: Probable metallo-hydrolase M6_Spy0554 => putative metallo-hydrolase
[18:42:57] Modify product: Probable peptidoglycan glycosyltransferase FtsW => putative peptidoglycan glycosyltransferase FtsW
[18:42:57] Modify product: Uncharacterized response regulatory protein SACOL0201 => putative response regulatory protein
[18:42:57] Modify product: Probable siderophore-binding lipoprotein YfiY => putative siderophore-binding lipoprotein YfiY
[18:42:57] Modify product: Probable HTH-type transcriptional repressor ExuR => putative HTH-type transcriptional repressor ExuR
[18:42:57] Modify product: Probable ribosomal protein YlxQ => putative ribosomal protein YlxQ
[18:42:57] Modify product: Uncharacterized protease YdeA => putative protease YdeA
[18:42:57] Modify product: Oxygen-independent coproporphyrinogen-III oxidase-like protein LL1139 => Oxygen-independent coproporphyrinogen-III oxidase-like protein
[18:42:57] Modify product: Probable glutamine ABC transporter permease protein GlnM => putative glutamine ABC transporter permease protein GlnM
[18:42:57] Modify product: Probable GTP-binding protein EngB => putative GTP-binding protein EngB
[18:42:57] Modify product: Uncharacterized HTH-type transcriptional regulator YurK => putative HTH-type transcriptional regulator YurK
[18:42:57] Modify product: Probable phosphotransferase enzyme IIB component M6_Spy0801 => putative phosphotransferase enzyme IIB component
[18:42:57] Modify product: Uncharacterized ABC transporter ATP-binding protein Rv0986 => putative ABC transporter ATP-binding protein
[18:42:57] Modify product: Uncharacterized response regulatory protein SACOL0201 => putative response regulatory protein
[18:42:57] Modify product: Uncharacterized multiple-sugar transport system permease YteP => putative multiple-sugar transport system permease YteP
[18:42:58] Modify product: Uncharacterized ABC transporter ATP-binding protein YbiT => putative ABC transporter ATP-binding protein YbiT
[18:42:58] Modify product: Probable transporter SCO4007 => putative transporter
[18:42:58] Modify product: Uncharacterized ABC transporter ATP-binding protein YbhF => putative ABC transporter ATP-binding protein YbhF
[18:42:58] Modify product: CutC-like protein M6_Spy0363 => CutC-like protein
[18:42:58] Modify product: Uncharacterized AAA domain-containing protein Rv2559c => putative AAA domain-containing protein
[18:42:58] Modify product: Putative universal stress protein SA1532 => Putative universal stress protein
[18:42:58] Modify product: Uncharacterized ABC transporter ATP-binding protein YbiT => putative ABC transporter ATP-binding protein YbiT
[18:42:58] Modify product: Uncharacterized HIT-like protein Rv0759c => putative HIT-like protein
[18:42:58] Modify product: Uncharacterized metallophosphoesterase YhaO => putative metallophosphoesterase YhaO
[18:42:58] Modify product: Uncharacterized symporter YjmB => putative symporter YjmB
[18:42:58] Modify product: Uncharacterized multiple-sugar transport system permease YteP => putative multiple-sugar transport system permease YteP
[18:42:58] Modify product: Probable HTH-type transcriptional repressor ExuR => putative HTH-type transcriptional repressor ExuR
[18:42:58] Modify product: Putative multidrug export ATP-binding/permease protein SA1683 => Putative multidrug export ATP-binding/permease protein
[18:42:58] Modify product: Uncharacterized response regulatory protein SACOL0201 => putative response regulatory protein
[18:42:58] Modify product: Uncharacterized multiple-sugar transport system permease YteP => putative multiple-sugar transport system permease YteP
[18:42:58] Modify product: Probable licABCH operon regulator => putative licABCH operon regulator
[18:42:58] Modify product: Uncharacterized ABC transporter ATP-binding protein Rv1273c => putative ABC transporter ATP-binding protein
[18:42:58] Modify product: Uncharacterized ABC transporter ATP-binding protein TM_0288 => putative ABC transporter ATP-binding protein
[18:42:58] Modify product: Uncharacterized ABC transporter ATP-binding protein TM_0288 => putative ABC transporter ATP-binding protein
[18:42:58] Modify product: Uncharacterized ABC transporter ATP-binding protein Rv1273c => putative ABC transporter ATP-binding protein
[18:42:58] Modify product: Probable tRNA-dihydrouridine synthase => putative tRNA-dihydrouridine synthase
[18:42:58] Modify product: Uncharacterized N-acetyltransferase Rv2669 => putative N-acetyltransferase
[18:42:58] Modify product: Probable protein kinase UbiB => putative protein kinase UbiB
[18:42:58] Modify product: Zinc-type alcohol dehydrogenase-like protein SA1988 => Zinc-type alcohol dehydrogenase-like protein
[18:42:58] Modify product: Putative esterase aq_1494 => Putative esterase
[18:42:58] Modify product: Putative universal stress protein SA1532 => Putative universal stress protein
[18:42:58] Modify product: Uncharacterized oxidoreductase SpyM50865 => putative oxidoreductase
[18:42:58] Modify product: Probable adenylyltransferase/sulfurtransferase MoeZ => putative adenylyltransferase/sulfurtransferase MoeZ
[18:42:58] Modify product: Probable glutamate/gamma-aminobutyrate antiporter => putative glutamate/gamma-aminobutyrate antiporter
[18:42:58] Modify product: Probable transcriptional regulatory protein HI_0315 => putative transcriptional regulatory protein
[18:42:58] Modify product: Uncharacterized zinc protease Rv2782c => putative zinc protease
[18:42:58] Modify product: Acetyltransferase SACOL1063 => Acetyltransferase
[18:42:58] Modify product: Uncharacterized PIN and TRAM-domain containing protein YacL => putative PIN and TRAM-domain containing protein YacL
[18:42:58] Modify product: Uncharacterized HTH-type transcriptional regulator BA_1941/GBAA_1941/BAS1801 => putative HTH-type transcriptional regulator/GBAA_1941/BAS1801
[18:42:58] Modify product: Uncharacterized oxidoreductase SA2266 => putative oxidoreductase
[18:42:58] Modify product: Putative acetyltransferase SA2342 => Putative acetyltransferase
[18:42:58] Modify product: Zinc-type alcohol dehydrogenase-like protein SA1988 => Zinc-type alcohol dehydrogenase-like protein
[18:42:58] Modify product: Probable tRNA-dihydrouridine synthase => putative tRNA-dihydrouridine synthase
[18:42:58] Modify product: Uncharacterized GTP-binding protein YjiA => putative GTP-binding protein YjiA
[18:42:58] Modify product: Uncharacterized HTH-type transcriptional regulator YtcD => putative HTH-type transcriptional regulator YtcD
[18:42:58] Modify product: Phosphorylated carbohydrates phosphatase TM_1254 => Phosphorylated carbohydrates phosphatase
[18:42:58] Modify product: Uncharacterized amino acid permease YvbW => putative amino acid permease YvbW
[18:42:58] Modify product: Uncharacterized ABC transporter ATP-binding protein YheS => putative ABC transporter ATP-binding protein YheS
[18:42:58] Modify product: PTS system EIIBC component SA0186 => PTS system EIIBC component
[18:42:58] Modify product: Uncharacterized sugar epimerase YhfK => putative sugar epimerase YhfK
[18:42:58] Modify product: Probable acrylyl-CoA reductase AcuI => putative acrylyl-CoA reductase AcuI
[18:42:58] Modify product: Probable phosphotransferase enzyme IIB component M6_Spy0801 => putative phosphotransferase enzyme IIB component
[18:42:58] Modify product: Nucleoid-associated protein SP_1102 => Nucleoid-associated protein
[18:42:58] Modify product: Putative O-methyltransferase Rv1220c => Putative O-methyltransferase
[18:42:58] Modify product: N utilization substance protein B homolog => N utilization substance protein B 
[18:42:58] Modify product: Bifunctional protein FolD => Bifunctional protein FolD protein
[18:42:58] Modify product: Probable ATP-dependent RNA helicase YfmL => putative ATP-dependent RNA helicase YfmL
[18:42:58] Modify product: Probable metabolite transport protein CsbC => putative metabolite transport protein CsbC
[18:42:58] Modify product: Uncharacterized ABC transporter ATP-binding protein Rv1273c => putative ABC transporter ATP-binding protein
[18:42:58] Modify product: Uncharacterized ABC transporter ATP-binding protein Rv1272c => putative ABC transporter ATP-binding protein
[18:42:58] Modify product: Probable mannose-6-phosphate isomerase GmuF => putative mannose-6-phosphate isomerase GmuF
[18:42:58] Modify product: Probable dual-specificity RNA methyltransferase RlmN => putative dual-specificity RNA methyltransferase RlmN
[18:42:58] Modify product: Uncharacterized ABC transporter ATP-binding protein TM_0288 => putative ABC transporter ATP-binding protein
[18:42:58] Modify product: Uncharacterized ABC transporter ATP-binding protein Rv1273c => putative ABC transporter ATP-binding protein
[18:42:58] Modify product: Probable phosphotransferase enzyme IIB component M6_Spy0801 => putative phosphotransferase enzyme IIB component
[18:42:58] Modify product: Uncharacterized N-acetyltransferase YjaB => putative N-acetyltransferase YjaB
[18:42:58] Modify product: Probable UbiX-like flavin prenyltransferase => putative UbiX-like flavin prenyltransferase
[18:42:58] Modify product: Uncharacterized ABC transporter ATP-binding protein YknY => putative ABC transporter ATP-binding protein YknY
[18:42:59] Modify product: Uncharacterized membrane protein YdfK => putative membrane protein YdfK
[18:42:59] Modify product: N-acetylmuramoyl-L-alanine amidase domain-containing protein SAOUHSC_02979 => N-acetylmuramoyl-L-alanine amidase domain-containing protein
[18:42:59] Modify product: Uncharacterized ABC transporter ATP-binding protein Rv0986 => putative ABC transporter ATP-binding protein
[18:42:59] Modify product: Glutathione peroxidase homolog BsaA => Glutathione peroxidase BsaA
[18:42:59] Modify product: Uncharacterized hydrolase YxeP => putative hydrolase YxeP
[18:42:59] Modify product: Probable transport protein YifK => putative transport protein YifK
[18:42:59] Modify product: Probable pyridine nucleotide-disulfide oxidoreductase RclA => putative pyridine nucleotide-disulfide oxidoreductase RclA
[18:42:59] Modify product: Probable manganese catalase => putative manganese catalase
[18:42:59] Modify product: Probable arabinose-binding protein => putative arabinose-binding protein
[18:42:59] Modify product: Probable glucose uptake protein GlcU => putative glucose uptake protein GlcU
[18:42:59] Modify product: Uncharacterized amino acid permease YhdG => putative amino acid permease YhdG
[18:42:59] Modify product: TelA-like protein SA1238 => TelA-like protein
[18:42:59] Modify product: Prophage bactoprenol glucosyl transferase homolog => Prophage bactoprenol glucosyl transferase 
[18:42:59] Modify product: Probable ABC transporter ATP-binding protein M6_Spy0273 => putative ABC transporter ATP-binding protein
[18:42:59] Modify product: Probable type I restriction enzyme BthVORF4518P M protein => putative type I restriction enzymeP M protein
[18:42:59] Modify product: Uncharacterized ABC transporter ATP-binding protein YknY => putative ABC transporter ATP-binding protein YknY
[18:42:59] Modify product: Putative lipid kinase SP_1045 => Putative lipid kinase
[18:42:59] Modify product: Uncharacterized protease YdcP => putative protease YdcP
[18:42:59] Modify product: Uncharacterized protease YdcP => putative protease YdcP
[18:42:59] Modify product: Probable chromosome-partitioning protein ParB => putative chromosome-partitioning protein ParB
[18:42:59] Modify product: DegV domain-containing protein MW1315 => DegV domain-containing protein
[18:42:59] Modify product: Uncharacterized ABC transporter ATP-binding protein YbiT => putative ABC transporter ATP-binding protein YbiT
[18:42:59] Modify product: Putative peptide transport permease protein Rv1282c => Putative peptide transport permease protein
[18:42:59] Modify product: Uncharacterized ABC transporter solute-binding protein YclQ => putative ABC transporter solute-binding protein YclQ
[18:42:59] Cleaned 177 /product names
[18:42:59] Deleting unwanted file: PROKKA_04182020/sprot.faa
[18:42:59] Deleting unwanted file: PROKKA_04182020/sprot.blast
[18:43:00] There are still 1377 unannotated CDS left (started with 3075)
[18:43:00] Will use hmmer3 to search against /sw/bioinfo/prokka/1.12-12547ca/rackham/bin/../db/hmm/HAMAP.hmm with 8 CPUs
[18:43:00] Running: cat PROKKA_04182020\/HAMAP\.hmm\.faa | parallel --gnu --plain -j 8 --block 19781 --recstart '>' --pipe hmmscan --noali --notextw --acc -E 1e-06 --cpu 1 /sw/bioinfo/prokka/1.12-12547ca/rackham/bin/../db/hmm/HAMAP.hmm /dev/stdin > PROKKA_04182020\/HAMAP\.hmm\.hmmer3 2> /dev/null
[18:44:40] Modify product: Protein SprT-like => Protein SprT-like protein
[18:44:40] Cleaned 1 /product names
[18:44:40] Deleting unwanted file: PROKKA_04182020/HAMAP.hmm.faa
[18:44:40] Deleting unwanted file: PROKKA_04182020/HAMAP.hmm.hmmer3
[18:44:40] Labelling remaining 1315 proteins as 'hypothetical protein'
[18:44:40] Possible /pseudo 'DNA polymerase IV' at tig00000038_pilon position 2178
[18:44:40] Possible /pseudo 'Isoaspartyl dipeptidase' at tig00000581_pilon position 3469
[18:44:40] Possible /pseudo 'putative ABC transporter ATP-binding protein' at tig00000582_pilon position 58977
[18:44:40] Possible /pseudo 'Phosphate import ATP-binding protein PstB 3' at tig00000582_pilon position 207100
[18:44:40] Possible /pseudo 'putative glycosyltransferase EpsJ' at tig00000582_pilon position 272283
[18:44:40] Possible /pseudo 'N-alpha-acetyltransferase RimI' at tig00000582_pilon position 526136
[18:44:40] Possible /pseudo 'Phosphonoacetaldehyde hydrolase' at tig00000582_pilon position 535899
[18:44:40] Possible /pseudo 'Xylulose-5-phosphate phosphoketolase' at tig00000582_pilon position 557330
[18:44:40] Possible /pseudo 'Xylulose-5-phosphate phosphoketolase' at tig00000582_pilon position 558313
[18:44:40] Possible /pseudo 'General stress protein A' at tig00000582_pilon position 733249
[18:44:40] Possible /pseudo 'Dihydroorotate dehydrogenase B (NAD(+)), electron transfer subunit' at tig00000582_pilon position 859442
[18:44:40] Possible /pseudo 'Di-/tripeptide transporter' at tig00000582_pilon position 950189
[18:44:40] Possible /pseudo 'Sensor histidine kinase DcuS' at tig00000582_pilon position 1040072
[18:44:40] Possible /pseudo 'putative glycosyltransferase EpsJ' at tig00000582_pilon position 1311754
[18:44:40] Possible /pseudo 'putative ABC transporter ATP-binding protein' at tig00000582_pilon position 1575691
[18:44:40] Possible /pseudo 'putative ABC transporter ATP-binding protein' at tig00000582_pilon position 1589141
[18:44:40] Possible /pseudo 'Multidrug efflux protein YfmO' at tig00000582_pilon position 1684801
[18:44:40] Possible /pseudo 'Putative NAD(P)H nitroreductase YodC' at tig00000582_pilon position 1688462
[18:44:40] Possible /pseudo 'putative protease YdcP' at tig00000582_pilon position 1824665
[18:44:40] Possible /pseudo 'Calcium-transporting ATPase 1' at tig00000582_pilon position 2057685
[18:44:40] Possible /pseudo 'Na(+)/H(+) antiporter NhaC' at tig00000582_pilon position 2192704
[18:44:40] Possible /pseudo 'Regulatory protein Spx' at tig00000582_pilon position 2254582
[18:44:40] Possible /pseudo 'Coenzyme A biosynthesis bifunctional protein CoaBC' at tig00000582_pilon position 2475067
[18:44:40] Possible /pseudo 'PTS system fructose-specific EIIABC component' at tig00000582_pilon position 2509533
[18:44:40] Possible /pseudo 'PTS system mannose-specific EIIAB component' at tig00000582_pilon position 2554676
[18:44:40] Possible /pseudo 'PTS system mannitol-specific EIICB component' at tig00000582_pilon position 2683005
[18:44:40] Possible /pseudo 'putative ABC transporter ATP-binding protein' at tig00000582_pilon position 2746516
[18:44:40] Found 1247 unique /gene codes.
[18:44:40] Fixed 2 duplicate /gene - oppD_1 oppD_2
[18:44:40] Fixed 3 duplicate /gene - argR_1 argR_2 argR_3
[18:44:40] Fixed 2 duplicate /gene - rpmGA_1 rpmGA_2
[18:44:40] Fixed 5 duplicate /gene - xerD_1 xerD_2 xerD_3 xerD_4 xerD_5
[18:44:40] Fixed 4 duplicate /gene - xerC_1 xerC_2 xerC_3 xerC_4
[18:44:40] Fixed 2 duplicate /gene - por_1 por_2
[18:44:40] Fixed 2 duplicate /gene - def_1 def_2
[18:44:40] Fixed 3 duplicate /gene - pspB_1 pspB_2 pspB_3
[18:44:40] Fixed 3 duplicate /gene - yecD_1 yecD_2 yecD_3
[18:44:40] Fixed 2 duplicate /gene - dnaX_1 dnaX_2
[18:44:40] Fixed 6 duplicate /gene - lacF_1 lacF_2 lacF_3 lacF_4 lacF_5 lacF_6
[18:44:40] Fixed 2 duplicate /gene - levD_1 levD_2
[18:44:40] Fixed 2 duplicate /gene - ligA_1 ligA_2
[18:44:40] Fixed 3 duplicate /gene - yidA_1 yidA_2 yidA_3
[18:44:40] Fixed 2 duplicate /gene - lacE_1 lacE_2
[18:44:40] Fixed 5 duplicate /gene - topB_1 topB_2 topB_3 topB_4 topB_5
[18:44:40] Fixed 3 duplicate /gene - lacG_1 lacG_2 lacG_3
[18:44:40] Fixed 2 duplicate /gene - folT_1 folT_2
[18:44:40] Fixed 2 duplicate /gene - rlmCD_1 rlmCD_2
[18:44:40] Fixed 2 duplicate /gene - ypdA_1 ypdA_2
[18:44:40] Fixed 2 duplicate /gene - lacC_1 lacC_2
[18:44:40] Fixed 2 duplicate /gene - prmC_1 prmC_2
[18:44:40] Fixed 2 duplicate /gene - galM_1 galM_2
[18:44:40] Fixed 3 duplicate /gene - yteP_1 yteP_2 yteP_3
[18:44:40] Fixed 2 duplicate /gene - rbn_1 rbn_2
[18:44:40] Fixed 2 duplicate /gene - gpmA_1 gpmA_2
[18:44:40] Fixed 2 duplicate /gene - yugI_1 yugI_2
[18:44:40] Fixed 2 duplicate /gene - rpsN2_1 rpsN2_2
[18:44:40] Fixed 2 duplicate /gene - fldH_1 fldH_2
[18:44:40] Fixed 6 duplicate /gene - smc_1 smc_2 smc_3 smc_4 smc_5 smc_6
[18:44:40] Fixed 2 duplicate /gene - feuB_1 feuB_2
[18:44:40] Fixed 2 duplicate /gene - pepF1_1 pepF1_2
[18:44:40] Fixed 2 duplicate /gene - licA_1 licA_2
[18:44:40] Fixed 2 duplicate /gene - abfA_1 abfA_2
[18:44:40] Fixed 4 duplicate /gene - ybaK_1 ybaK_2 ybaK_3 ybaK_4
[18:44:40] Fixed 3 duplicate /gene - gatA_1 gatA_2 gatA_3
[18:44:40] Fixed 2 duplicate /gene - murA1_1 murA1_2
[18:44:40] Fixed 3 duplicate /gene - nhaC_1 nhaC_2 nhaC_3
[18:44:40] Fixed 2 duplicate /gene - der_1 der_2
[18:44:40] Fixed 2 duplicate /gene - nox_1 nox_2
[18:44:40] Fixed 2 duplicate /gene - ftsW_1 ftsW_2
[18:44:40] Fixed 2 duplicate /gene - mprF_1 mprF_2
[18:44:40] Fixed 2 duplicate /gene - sorB_1 sorB_2
[18:44:40] Fixed 2 duplicate /gene - dagK_1 dagK_2
[18:44:40] Fixed 2 duplicate /gene - rny_1 rny_2
[18:44:40] Fixed 2 duplicate /gene - proX_1 proX_2
[18:44:40] Fixed 2 duplicate /gene - wbgU_1 wbgU_2
[18:44:40] Fixed 3 duplicate /gene - rluD_1 rluD_2 rluD_3
[18:44:40] Fixed 2 duplicate /gene - glpQ_1 glpQ_2
[18:44:40] Fixed 2 duplicate /gene - rsmA_1 rsmA_2
[18:44:40] Fixed 2 duplicate /gene - pstS1_1 pstS1_2
[18:44:40] Fixed 2 duplicate /gene - glnM_1 glnM_2
[18:44:40] Fixed 6 duplicate /gene - dinB_1 dinB_2 dinB_3 dinB_4 dinB_5 dinB_6
[18:44:40] Fixed 2 duplicate /gene - gatB_1 gatB_2
[18:44:40] Fixed 3 duplicate /gene - ybiT_1 ybiT_2 ybiT_3
[18:44:40] Fixed 5 duplicate /gene - fruA_1 fruA_2 fruA_3 fruA_4 fruA_5
[18:44:40] Fixed 4 duplicate /gene - walK_1 walK_2 walK_3 walK_4
[18:44:40] Fixed 6 duplicate /gene - soj_1 soj_2 soj_3 soj_4 soj_5 soj_6
[18:44:40] Fixed 2 duplicate /gene - murF_1 murF_2
[18:44:40] Fixed 2 duplicate /gene - yknY_1 yknY_2
[18:44:40] Fixed 2 duplicate /gene - ettA_1 ettA_2
[18:44:40] Fixed 2 duplicate /gene - dtpT_1 dtpT_2
[18:44:40] Fixed 2 duplicate /gene - mro_1 mro_2
[18:44:40] Fixed 2 duplicate /gene - arlR_1 arlR_2
[18:44:40] Fixed 2 duplicate /gene - cmtB_1 cmtB_2
[18:44:40] Fixed 2 duplicate /gene - afr_1 afr_2
[18:44:40] Fixed 2 duplicate /gene - rpmF_1 rpmF_2
[18:44:40] Fixed 3 duplicate /gene - cbh_1 cbh_2 cbh_3
[18:44:40] Fixed 2 duplicate /gene - rluB_1 rluB_2
[18:44:40] Fixed 2 duplicate /gene - clpP_1 clpP_2
[18:44:40] Fixed 3 duplicate /gene - manR_1 manR_2 manR_3
[18:44:40] Fixed 2 duplicate /gene - dus_1 dus_2
[18:44:40] Fixed 2 duplicate /gene - phnX_1 phnX_2
[18:44:40] Fixed 2 duplicate /gene - cpdA_1 cpdA_2
[18:44:40] Fixed 2 duplicate /gene - nanE_1 nanE_2
[18:44:40] Fixed 3 duplicate /gene - mtlA_1 mtlA_2 mtlA_3
[18:44:40] Fixed 2 duplicate /gene - ssaB_1 ssaB_2
[18:44:40] Fixed 2 duplicate /gene - agrA_1 agrA_2
[18:44:40] Fixed 2 duplicate /gene - menH_1 menH_2
[18:44:40] Fixed 2 duplicate /gene - cdr_1 cdr_2
[18:44:40] Fixed 2 duplicate /gene - yodC_1 yodC_2
[18:44:40] Fixed 2 duplicate /gene - queT_1 queT_2
[18:44:40] Fixed 2 duplicate /gene - gtaB_1 gtaB_2
[18:44:40] Fixed 2 duplicate /gene - tadA_1 tadA_2
[18:44:40] Fixed 2 duplicate /gene - ccpA_1 ccpA_2
[18:44:40] Fixed 2 duplicate /gene - pstB3_1 pstB3_2
[18:44:40] Fixed 2 duplicate /gene - ecsA_1 ecsA_2
[18:44:40] Fixed 2 duplicate /gene - ponA_1 ponA_2
[18:44:40] Fixed 3 duplicate /gene - artM_1 artM_2 artM_3
[18:44:40] Fixed 2 duplicate /gene - pgl_1 pgl_2
[18:44:40] Fixed 2 duplicate /gene - hrtA_1 hrtA_2
[18:44:40] Fixed 2 duplicate /gene - opuCA_1 opuCA_2
[18:44:40] Fixed 2 duplicate /gene - cas2_1 cas2_2
[18:44:40] Fixed 3 duplicate /gene - ssb_1 ssb_2 ssb_3
[18:44:40] Fixed 3 duplicate /gene - ptsG_1 ptsG_2 ptsG_3
[18:44:40] Fixed 2 duplicate /gene - lsrC_1 lsrC_2
[18:44:40] Fixed 2 duplicate /gene - yehU_1 yehU_2
[18:44:40] Fixed 2 duplicate /gene - intQ_1 intQ_2
[18:44:40] Fixed 2 duplicate /gene - uvrC_1 uvrC_2
[18:44:40] Fixed 2 duplicate /gene - mtlF_1 mtlF_2
[18:44:40] Fixed 2 duplicate /gene - mepM_1 mepM_2
[18:44:40] Fixed 4 duplicate /gene - degA_1 degA_2 degA_3 degA_4
[18:44:40] Fixed 6 duplicate /gene - manX_1 manX_2 manX_3 manX_4 manX_5 manX_6
[18:44:40] Fixed 2 duplicate /gene - patA_1 patA_2
[18:44:40] Fixed 2 duplicate /gene - dtd3_1 dtd3_2
[18:44:40] Fixed 3 duplicate /gene - folA_1 folA_2 folA_3
[18:44:40] Fixed 2 duplicate /gene - mshD_1 mshD_2
[18:44:40] Fixed 7 duplicate /gene - bin3_1 bin3_2 bin3_3 bin3_4 bin3_5 bin3_6 bin3_7
[18:44:40] Fixed 2 duplicate /gene - pyrK_1 pyrK_2
[18:44:40] Fixed 2 duplicate /gene - ddl_1 ddl_2
[18:44:40] Fixed 2 duplicate /gene - acpA_1 acpA_2
[18:44:40] Fixed 3 duplicate /gene - znuC_1 znuC_2 znuC_3
[18:44:40] Fixed 2 duplicate /gene - dinG_1 dinG_2
[18:44:40] Fixed 4 duplicate /gene - lytA_1 lytA_2 lytA_3 lytA_4
[18:44:40] Fixed 2 duplicate /gene - ntpJ_1 ntpJ_2
[18:44:40] Fixed 2 duplicate /gene - scrB_1 scrB_2
[18:44:40] Fixed 4 duplicate /gene - licT_1 licT_2 licT_3 licT_4
[18:44:40] Fixed 2 duplicate /gene - rimI_1 rimI_2
[18:44:40] Fixed 2 duplicate /gene - metQ_1 metQ_2
[18:44:40] Fixed 2 duplicate /gene - pheT_1 pheT_2
[18:44:40] Fixed 2 duplicate /gene - lolD_1 lolD_2
[18:44:40] Fixed 7 duplicate /gene - araQ_1 araQ_2 araQ_3 araQ_4 araQ_5 araQ_6 araQ_7
[18:44:40] Fixed 2 duplicate /gene - atpE_1 atpE_2
[18:44:40] Fixed 2 duplicate /gene - ulaA_1 ulaA_2
[18:44:40] Fixed 5 duplicate /gene - spxA_1 spxA_2 spxA_3 spxA_4 spxA_5
[18:44:40] Fixed 2 duplicate /gene - iap_1 iap_2
[18:44:40] Fixed 2 duplicate /gene - murR_1 murR_2
[18:44:40] Fixed 2 duplicate /gene - xylB_1 xylB_2
[18:44:40] Fixed 3 duplicate /gene - fabG_1 fabG_2 fabG_3
[18:44:40] Fixed 2 duplicate /gene - recQ_1 recQ_2
[18:44:40] Fixed 2 duplicate /gene - dcuS_1 dcuS_2
[18:44:40] Fixed 2 duplicate /gene - ohrB_1 ohrB_2
[18:44:40] Fixed 2 duplicate /gene - coaBC_1 coaBC_2
[18:44:40] Fixed 3 duplicate /gene - frlB_1 frlB_2 frlB_3
[18:44:40] Fixed 4 duplicate /gene - natA_1 natA_2 natA_3 natA_4
[18:44:40] Fixed 2 duplicate /gene - gadC_1 gadC_2
[18:44:40] Fixed 2 duplicate /gene - uxuA_1 uxuA_2
[18:44:40] Fixed 2 duplicate /gene - cdaR_1 cdaR_2
[18:44:40] Fixed 2 duplicate /gene - nfo_1 nfo_2
[18:44:40] Fixed 4 duplicate /gene - iadA_1 iadA_2 iadA_3 iadA_4
[18:44:40] Fixed 2 duplicate /gene - lytR_1 lytR_2
[18:44:40] Fixed 2 duplicate /gene - vanH_1 vanH_2
[18:44:40] Fixed 2 duplicate /gene - arcD1_1 arcD1_2
[18:44:40] Fixed 4 duplicate /gene - tqsA_1 tqsA_2 tqsA_3 tqsA_4
[18:44:40] Fixed 3 duplicate /gene - glpE_1 glpE_2 glpE_3
[18:44:40] Fixed 3 duplicate /gene - licC_1 licC_2 licC_3
[18:44:40] Fixed 3 duplicate /gene - gph_1 gph_2 gph_3
[18:44:40] Fixed 3 duplicate /gene - agaSK_1 agaSK_2 agaSK_3
[18:44:40] Fixed 2 duplicate /gene - steT_1 steT_2
[18:44:40] Fixed 2 duplicate /gene - gltC_1 gltC_2
[18:44:40] Fixed 2 duplicate /gene - galK_1 galK_2
[18:44:40] Fixed 3 duplicate /gene - treP_1 treP_2 treP_3
[18:44:40] Fixed 2 duplicate /gene - sufB_1 sufB_2
[18:44:40] Fixed 2 duplicate /gene - helD_1 helD_2
[18:44:40] Fixed 2 duplicate /gene - purR_1 purR_2
[18:44:40] Fixed 2 duplicate /gene - msrR_1 msrR_2
[18:44:40] Fixed 2 duplicate /gene - licR_1 licR_2
[18:44:40] Fixed 2 duplicate /gene - rspR_1 rspR_2
[18:44:40] Fixed 2 duplicate /gene - ugl_1 ugl_2
[18:44:40] Fixed 2 duplicate /gene - glnP_1 glnP_2
[18:44:40] Fixed 2 duplicate /gene - brnQ_1 brnQ_2
[18:44:40] Fixed 2 duplicate /gene - pbpX_1 pbpX_2
[18:44:40] Fixed 2 duplicate /gene - ulaB_1 ulaB_2
[18:44:40] Fixed 5 duplicate /gene - bglF_1 bglF_2 bglF_3 bglF_4 bglF_5
[18:44:40] Fixed 3 duplicate /gene - yxdL_1 yxdL_2 yxdL_3
[18:44:40] Fixed 7 duplicate /gene - dgaR_1 dgaR_2 dgaR_3 dgaR_4 dgaR_5 dgaR_6 dgaR_7
[18:44:40] Fixed 3 duplicate /gene - bglH_1 bglH_2 bglH_3
[18:44:40] Fixed 2 duplicate /gene - trxA_1 trxA_2
[18:44:40] Fixed 3 duplicate /gene - xpkA_1 xpkA_2 xpkA_3
[18:44:40] Fixed 2 duplicate /gene - oppF_1 oppF_2
[18:44:40] Fixed 2 duplicate /gene - glcR_1 glcR_2
[18:44:40] Fixed 2 duplicate /gene - msrA_1 msrA_2
[18:44:40] Fixed 3 duplicate /gene - rnj2_1 rnj2_2 rnj2_3
[18:44:40] Fixed 5 duplicate /gene - gmuE_1 gmuE_2 gmuE_3 gmuE_4 gmuE_5
[18:44:40] Fixed 2 duplicate /gene - vanX_1 vanX_2
[18:44:40] Fixed 4 duplicate /gene - araC_1 araC_2 araC_3 araC_4
[18:44:40] Fixed 3 duplicate /gene - znuA_1 znuA_2 znuA_3
[18:44:40] Fixed 2 duplicate /gene - rsmH_1 rsmH_2
[18:44:40] Fixed 2 duplicate /gene - bceA_1 bceA_2
[18:44:40] Fixed 2 duplicate /gene - srrA_1 srrA_2
[18:44:40] Fixed 2 duplicate /gene - aes_1 aes_2
[18:44:40] Fixed 2 duplicate /gene - vanA_1 vanA_2
[18:44:40] Fixed 2 duplicate /gene - iscS_1 iscS_2
[18:44:40] Fixed 2 duplicate /gene - yvdM_1 yvdM_2
[18:44:40] Fixed 4 duplicate /gene - epsJ_1 epsJ_2 epsJ_3 epsJ_4
[18:44:40] Fixed 2 duplicate /gene - glnQ_1 glnQ_2
[18:44:40] Fixed 2 duplicate /gene - metP_1 metP_2
[18:44:40] Fixed 2 duplicate /gene - araR_1 araR_2
[18:44:40] Fixed 2 duplicate /gene - malL_1 malL_2
[18:44:40] Fixed 2 duplicate /gene - mtlR_1 mtlR_2
[18:44:40] Fixed 2 duplicate /gene - rpe_1 rpe_2
[18:44:40] Fixed 2 duplicate /gene - guaA_1 guaA_2
[18:44:40] Fixed 2 duplicate /gene - Int-Tn_1 Int-Tn_2
[18:44:40] Fixed 2 duplicate /gene - ecfA2_1 ecfA2_2
[18:44:40] Fixed 2 duplicate /gene - ywpJ_1 ywpJ_2
[18:44:40] Fixed 2 duplicate /gene - pglH_1 pglH_2
[18:44:40] Fixed 2 duplicate /gene - potA_1 potA_2
[18:44:41] Fixed 2 duplicate /gene - corA_1 corA_2
[18:44:41] Fixed 5 duplicate /gene - sorA_1 sorA_2 sorA_3 sorA_4 sorA_5
[18:44:41] Fixed 3 duplicate /gene - lacR_1 lacR_2 lacR_3
[18:44:41] Fixed 3 duplicate /gene - yvoA_1 yvoA_2 yvoA_3
[18:44:41] Fixed 2 duplicate /gene - ribZ_1 ribZ_2
[18:44:41] Fixed 2 duplicate /gene - gspA_1 gspA_2
[18:44:41] Fixed 3 duplicate /gene - walR_1 walR_2 walR_3
[18:44:41] Fixed 3 duplicate /gene - gatC_1 gatC_2 gatC_3
[18:44:41] Fixed 3 duplicate /gene - celA_1 celA_2 celA_3
[18:44:41] Fixed 2 duplicate /gene - lipO_1 lipO_2
[18:44:41] Fixed 3 duplicate /gene - exuR_1 exuR_2 exuR_3
[18:44:41] Fixed 2 duplicate /gene - xerS_1 xerS_2
[18:44:41] Fixed 2 duplicate /gene - rex_1 rex_2
[18:44:41] Fixed 2 duplicate /gene - gpsA_1 gpsA_2
[18:44:41] Fixed 2 duplicate /gene - gmuC_1 gmuC_2
[18:44:41] Fixed 2 duplicate /gene - cspLA_1 cspLA_2
[18:44:41] Fixed 3 duplicate /gene - ltaS1_1 ltaS1_2 ltaS1_3
[18:44:41] Fixed 4 duplicate /gene - phoR_1 phoR_2 phoR_3 phoR_4
[18:44:41] Fixed 8 duplicate /gene - manZ_1 manZ_2 manZ_3 manZ_4 manZ_5 manZ_6 manZ_7 manZ_8
[18:44:41] Fixed 2 duplicate /gene - tuf_1 tuf_2
[18:44:41] Fixed 2 duplicate /gene - yfmO_1 yfmO_2
[18:44:41] Fixed 3 duplicate /gene - murJ_1 murJ_2 murJ_3
[18:44:41] Fixed 2 duplicate /gene - yfnB_1 yfnB_2
[18:44:41] Fixed 2 duplicate /gene - glcU_1 glcU_2
[18:44:41] Fixed 2 duplicate /gene - cfiB_1 cfiB_2
[18:44:41] Fixed 2 duplicate /gene - gmuD_1 gmuD_2
[18:44:41] Fixed 2 duplicate /gene - ubiE_1 ubiE_2
[18:44:41] Fixed 2 duplicate /gene - mnmG_1 mnmG_2
[18:44:41] Fixed 2 duplicate /gene - polC_1 polC_2
[18:44:41] Fixed 2 duplicate /gene - clsA_1 clsA_2
[18:44:41] Fixed 2 duplicate /gene - yecS_1 yecS_2
[18:44:41] Fixed 2 duplicate /gene - gmk_1 gmk_2
[18:44:41] Fixed 3 duplicate /gene - crr_1 crr_2 crr_3
[18:44:41] Fixed 2 duplicate /gene - bceB_1 bceB_2
[18:44:41] Fixed 2 duplicate /gene - ydcP_1 ydcP_2
[18:44:41] Fixed 2 duplicate /gene - ftsK_1 ftsK_2
[18:44:41] Fixed 2 duplicate /gene - yheS_1 yheS_2
[18:44:41] Fixed 2 duplicate /gene - araN_1 araN_2
[18:44:41] Fixed 2 duplicate /gene - fabZ_1 fabZ_2
[18:44:41] Fixed 2 duplicate /gene - mutS2_1 mutS2_2
[18:44:41] Fixed 2 duplicate /gene - npr_1 npr_2
[18:44:41] Fixed 2 duplicate /gene - gap_1 gap_2
[18:44:41] Fixed 6 duplicate /gene - ltrA_1 ltrA_2 ltrA_3 ltrA_4 ltrA_5 ltrA_6
[18:44:41] Fixed 2 duplicate /gene - mutS_1 mutS_2
[18:44:41] Fixed 2 duplicate /gene - ygaZ_1 ygaZ_2
[18:44:41] Fixed 2 duplicate /gene - mntB_1 mntB_2
[18:44:41] Fixed 2 duplicate /gene - corC_1 corC_2
[18:44:41] Fixed 3 duplicate /gene - ftsL_1 ftsL_2 ftsL_3
[18:44:41] Fixed 2 duplicate /gene - sorC_1 sorC_2
[18:44:41] Fixed 3 duplicate /gene - yjhB_1 yjhB_2 yjhB_3
[18:44:41] Fixed 2 duplicate /gene - ybbH_1 ybbH_2
[18:44:41] Fixed 2 duplicate /gene - ctpE_1 ctpE_2
[18:44:41] Fixed 2 duplicate /gene - panT_1 panT_2
[18:44:41] Fixed 3 duplicate /gene - prsA_1 prsA_2 prsA_3
[18:44:41] Fixed 251 colliding /gene names.
[18:44:41] Adding /locus_tag identifiers
[18:44:41] Assigned 3164 locus_tags to CDS and RNA features.
[18:44:41] Writing outputs to PROKKA_04182020/
[18:44:43] Generating annotation statistics file
[18:44:43] Generating Genbank and Sequin files
[18:44:43] Running: tbl2asn -V b -a r10k -l paired-ends -M n -N 1 -y 'Annotated using prokka 1.12 from https://github.com/tseemann/prokka' -Z PROKKA_04182020\/PROKKA_04182020\.err -i PROKKA_04182020\/PROKKA_04182020\.fsa 2> /dev/null
[18:44:50] Deleting unwanted file: PROKKA_04182020/errorsummary.val
[18:44:50] Deleting unwanted file: PROKKA_04182020/PROKKA_04182020.dr
[18:44:50] Deleting unwanted file: PROKKA_04182020/PROKKA_04182020.fixedproducts
[18:44:50] Deleting unwanted file: PROKKA_04182020/PROKKA_04182020.ecn
[18:44:50] Deleting unwanted file: PROKKA_04182020/PROKKA_04182020.val
[18:44:50] Repairing broken .GBK output that tbl2asn produces...
[18:44:50] Running: sed 's/COORDINATES: profile/COORDINATES:profile/' < PROKKA_04182020\/PROKKA_04182020\.gbf > PROKKA_04182020\/PROKKA_04182020\.gbk
[18:44:50] Deleting unwanted file: PROKKA_04182020/PROKKA_04182020.gbf
[18:44:50] Output files:
[18:44:50] PROKKA_04182020/PROKKA_04182020.log
[18:44:50] PROKKA_04182020/PROKKA_04182020.fna
[18:44:50] PROKKA_04182020/PROKKA_04182020.gff
[18:44:50] PROKKA_04182020/PROKKA_04182020.faa
[18:44:50] PROKKA_04182020/PROKKA_04182020.ffn
[18:44:50] PROKKA_04182020/PROKKA_04182020.tbl
[18:44:50] PROKKA_04182020/PROKKA_04182020.fsa
[18:44:50] PROKKA_04182020/PROKKA_04182020.tsv
[18:44:50] PROKKA_04182020/PROKKA_04182020.txt
[18:44:50] PROKKA_04182020/PROKKA_04182020.sqn
[18:44:50] PROKKA_04182020/PROKKA_04182020.gbk
[18:44:50] PROKKA_04182020/PROKKA_04182020.err
[18:44:50] Annotation finished successfully.
[18:44:50] Walltime used: 6.53 minutes
[18:44:50] If you use this result please cite the Prokka paper:
[18:44:50] Seemann T (2014) Prokka: rapid prokaryotic genome annotation. Bioinformatics. 30(14):2068-9.
[18:44:50] Type 'prokka --citation' for more details.
[18:44:50] Thank you, come again.
